<?xml version="1.0" encoding="UTF-8"?>
<testng-results skipped="0" failed="0" total="4" passed="4">
  <reporter-output>
  </reporter-output>
  <suite name="Default suite" duration-ms="68" started-at="2019-10-04T23:52:43Z" finished-at="2019-10-04T23:52:43Z">
    <groups>
    </groups>
    <test name="Default test" duration-ms="68" started-at="2019-10-04T23:52:43Z" finished-at="2019-10-04T23:52:43Z">
      <class name="TestNGConcepts.IgnoreAnnotations">
        <test-method status="PASS" signature="test1()[pri:0, instance:TestNGConcepts.IgnoreAnnotations@ae45eb6]" name="test1" duration-ms="20" started-at="2019-10-04T16:52:43Z" finished-at="2019-10-04T16:52:43Z">
          <reporter-output>
          </reporter-output>
        </test-method> <!-- test1 -->
        <test-method status="PASS" signature="test2()[pri:0, instance:TestNGConcepts.IgnoreAnnotations@ae45eb6]" name="test2" duration-ms="5" started-at="2019-10-04T16:52:43Z" finished-at="2019-10-04T16:52:43Z">
          <reporter-output>
          </reporter-output>
        </test-method> <!-- test2 -->
        <test-method status="PASS" signature="test3()[pri:0, instance:TestNGConcepts.IgnoreAnnotations@ae45eb6]" name="test3" duration-ms="6" started-at="2019-10-04T16:52:43Z" finished-at="2019-10-04T16:52:43Z">
          <reporter-output>
          </reporter-output>
        </test-method> <!-- test3 -->
        <test-method status="PASS" signature="test4()[pri:0, instance:TestNGConcepts.IgnoreAnnotations@ae45eb6]" name="test4" duration-ms="3" started-at="2019-10-04T16:52:43Z" finished-at="2019-10-04T16:52:43Z">
          <reporter-output>
          </reporter-output>
        </test-method> <!-- test4 -->
      </class> <!-- TestNGConcepts.IgnoreAnnotations -->
    </test> <!-- Default test -->
  </suite> <!-- Default suite -->
</testng-results>
